Determining if the pthread_create exist failed with the following output:
Change Dir: /home/juan/Uni/Diseño2/IS-PS/src/gflags-2.1.2/CMakeFiles/CMakeTmp

Run Build Command:/usr/bin/make "cmTryCompileExec3108900221/fast"
/usr/bin/make -f CMakeFiles/cmTryCompileExec3108900221.dir/build.make CMakeFiles/cmTryCompileExec3108900221.dir/build
make[1]: Entering directory `/home/juan/Uni/Diseño2/IS-PS/src/gflags-2.1.2/CMakeFiles/CMakeTmp'
/usr/bin/cmake -E cmake_progress_report /home/juan/Uni/Diseño2/IS-PS/src/gflags-2.1.2/CMakeFiles/CMakeTmp/CMakeFiles 1
Building C object CMakeFiles/cmTryCompileExec3108900221.dir/CheckSymbolExists.c.o
/usr/bin/cc    -o CMakeFiles/cmTryCompileExec3108900221.dir/CheckSymbolExists.c.o   -c /home/juan/Uni/Diseño2/IS-PS/src/gflags-2.1.2/CMakeFiles/CMakeTmp/CheckSymbolExists.c
Linking C executable cmTryCompileExec3108900221
/usr/bin/cmake -E cmake_link_script CMakeFiles/cmTryCompileExec3108900221.dir/link.txt --verbose=1
/usr/bin/cc       CMakeFiles/cmTryCompileExec3108900221.dir/CheckSymbolExists.c.o  -o cmTryCompileExec3108900221 -rdynamic 
CMakeFiles/cmTryCompileExec3108900221.dir/CheckSymbolExists.c.o: In function `main':
CheckSymbolExists.c:(.text+0x16): undefined reference to `pthread_create'
collect2: error: ld returned 1 exit status
make[1]: *** [cmTryCompileExec3108900221] Error 1
make[1]: Leaving directory `/home/juan/Uni/Diseño2/IS-PS/src/gflags-2.1.2/CMakeFiles/CMakeTmp'
make: *** [cmTryCompileExec3108900221/fast] Error 2

File /home/juan/Uni/Diseño2/IS-PS/src/gflags-2.1.2/CMakeFiles/CMakeTmp/CheckSymbolExists.c:
/* */
#include <pthread.h>

int main(int argc, char** argv)
{
  (void)argv;
#ifndef pthread_create
  return ((int*)(&pthread_create))[argc];
#else
  (void)argc;
  return 0;
#endif
}

Determining if the function pthread_create exists in the pthreads failed with the following output:
Change Dir: /home/juan/Uni/Diseño2/IS-PS/src/gflags-2.1.2/CMakeFiles/CMakeTmp

Run Build Command:/usr/bin/make "cmTryCompileExec221421251/fast"
/usr/bin/make -f CMakeFiles/cmTryCompileExec221421251.dir/build.make CMakeFiles/cmTryCompileExec221421251.dir/build
make[1]: Entering directory `/home/juan/Uni/Diseño2/IS-PS/src/gflags-2.1.2/CMakeFiles/CMakeTmp'
/usr/bin/cmake -E cmake_progress_report /home/juan/Uni/Diseño2/IS-PS/src/gflags-2.1.2/CMakeFiles/CMakeTmp/CMakeFiles 1
Building C object CMakeFiles/cmTryCompileExec221421251.dir/CheckFunctionExists.c.o
/usr/bin/cc   -DCHECK_FUNCTION_EXISTS=pthread_create   -o CMakeFiles/cmTryCompileExec221421251.dir/CheckFunctionExists.c.o   -c /usr/share/cmake-2.8/Modules/CheckFunctionExists.c
Linking C executable cmTryCompileExec221421251
/usr/bin/cmake -E cmake_link_script CMakeFiles/cmTryCompileExec221421251.dir/link.txt --verbose=1
/usr/bin/cc   -DCHECK_FUNCTION_EXISTS=pthread_create    CMakeFiles/cmTryCompileExec221421251.dir/CheckFunctionExists.c.o  -o cmTryCompileExec221421251 -rdynamic -lpthreads 
/usr/bin/ld: cannot find -lpthreads
collect2: error: ld returned 1 exit status
make[1]: *** [cmTryCompileExec221421251] Error 1
make[1]: Leaving directory `/home/juan/Uni/Diseño2/IS-PS/src/gflags-2.1.2/CMakeFiles/CMakeTmp'
make: *** [cmTryCompileExec221421251/fast] Error 2


